<?xml version="1.0" encoding="UTF-8"?>
<!-- Generated by org.testng.reporters.JUnitXMLReporter -->
<testsuite ignored="2" hostname="HP-LAPTOP" failures="0" tests="1" name="Test" time="4.129" errors="0" timestamp="2025-09-24T23:26:56 IST">
  <testcase classname="testScripts.AdminUsersTest" name="verifyUserIsAbleToSearchTheNewUser" time="2.172"/>
  <testcase classname="testScripts.AdminUsersTest" name="verifyUserIsAbleToAddNewUser" time="0.0">
    <ignored/>
  </testcase> <!-- verifyUserIsAbleToAddNewUser -->
  <testcase classname="testScripts.AdminUsersTest" name="verifyUserIsAbleToResetTheUserList" time="0.0">
    <ignored/>
  </testcase> <!-- verifyUserIsAbleToResetTheUserList -->
</testsuite> <!-- Test -->
