<?xml version="1.0" encoding="UTF-8"?>
<!-- Generated by org.testng.reporters.JUnitXMLReporter -->
<testsuite ignored="3" hostname="HP-LAPTOP" failures="0" tests="1" name="Test" time="4.847" errors="0" timestamp="2025-10-02T10:36:55 IST">
  <testcase classname="testScripts.LoginTest" name="verifyUserLoginWithValidCredentials" time="1.874"/>
  <testcase classname="testScripts.LoginTest" name="verifyUserLoginWithInvalidCredentials" time="0.0">
    <ignored/>
  </testcase> <!-- verifyUserLoginWithInvalidCredentials -->
  <testcase classname="testScripts.LoginTest" name="verifyUserLoginWithInvalidUsernameAndValidPassword" time="0.0">
    <ignored/>
  </testcase> <!-- verifyUserLoginWithInvalidUsernameAndValidPassword -->
  <testcase classname="testScripts.LoginTest" name="verifyUserLoginWithValidUsernameAndInvalidPassword" time="0.0">
    <ignored/>
  </testcase> <!-- verifyUserLoginWithValidUsernameAndInvalidPassword -->
</testsuite> <!-- Test -->
