<?xml version="1.0" encoding="UTF-8"?>
<testng-results ignored="0" total="1" passed="1" failed="0" skipped="0">
  <reporter-output>
  </reporter-output>
  <suite started-at="2025-10-02T10:36:50 IST" name="Suite" finished-at="2025-10-02T10:36:54 IST" duration-ms="4847">
    <groups>
      <group name="smoke">
        <method signature="LoginTest.verifyUserLoginWithValidCredentials()[pri:1, instance:testScripts.LoginTest@36804139]" name="verifyUserLoginWithValidCredentials" class="testScripts.LoginTest"/>
      </group> <!-- smoke -->
    </groups>
    <test started-at="2025-10-02T10:36:50 IST" name="Test" finished-at="2025-10-02T10:36:54 IST" duration-ms="4847">
      <class name="testScripts.LoginTest">
        <test-method is-config="true" signature="initialiseBrowser(java.lang.String)[pri:0, instance:testScripts.LoginTest@36804139]" started-at="2025-10-02T10:36:50 IST" name="initialiseBrowser" finished-at="2025-10-02T10:36:52 IST" duration-ms="2904" status="PASS">
          <params>
            <param index="0">
              <value>
                <![CDATA[Chrome]]>
              </value>
            </param>
          </params>
          <reporter-output>
          </reporter-output>
        </test-method> <!-- initialiseBrowser -->
        <test-method signature="verifyUserLoginWithValidCredentials()[pri:1, instance:testScripts.LoginTest@36804139]" started-at="2025-10-02T10:36:52 IST" name="verifyUserLoginWithValidCredentials" description="User login using valid username and valid password" finished-at="2025-10-02T10:36:54 IST" duration-ms="1874" status="PASS">
          <reporter-output>
          </reporter-output>
        </test-method> <!-- verifyUserLoginWithValidCredentials -->
        <test-method is-config="true" signature="driverQuit(org.testng.ITestResult)[pri:0, instance:testScripts.LoginTest@36804139]" started-at="2025-10-02T10:36:54 IST" name="driverQuit" finished-at="2025-10-02T10:36:54 IST" duration-ms="1" status="PASS">
          <params>
            <param index="0">
              <value>
                <![CDATA[[TestResult name=verifyUserLoginWithValidCredentials status=SUCCESS method=LoginTest.verifyUserLoginWithValidCredentials()[pri:1, instance:testScripts.LoginTest@36804139] output={null}]]]>
              </value>
            </param>
          </params>
          <reporter-output>
          </reporter-output>
        </test-method> <!-- driverQuit -->
      </class> <!-- testScripts.LoginTest -->
    </test> <!-- Test -->
  </suite> <!-- Suite -->
</testng-results>
