<?xml version="1.0" encoding="UTF-8"?>
<testng-results ignored="0" total="1" passed="1" failed="0" skipped="0">
  <reporter-output>
  </reporter-output>
  <suite started-at="2025-09-24T23:26:52 IST" name="Grouping" finished-at="2025-09-24T23:26:56 IST" duration-ms="4129">
    <groups>
      <group name="smoke">
        <method signature="AdminUsersTest.verifyUserIsAbleToSearchTheNewUser()[pri:0, instance:testScripts.AdminUsersTest@229f66ed]" name="verifyUserIsAbleToSearchTheNewUser" class="testScripts.AdminUsersTest"/>
      </group> <!-- smoke -->
    </groups>
    <test started-at="2025-09-24T23:26:52 IST" name="Test" finished-at="2025-09-24T23:26:56 IST" duration-ms="4129">
      <class name="testScripts.AdminUsersTest">
        <test-method is-config="true" signature="initialiseBrowser(java.lang.String)[pri:0, instance:testScripts.AdminUsersTest@229f66ed]" started-at="2025-09-24T23:26:52 IST" name="initialiseBrowser" finished-at="2025-09-24T23:26:54 IST" duration-ms="1915" status="PASS">
          <params>
            <param index="0">
              <value>
                <![CDATA[Chrome]]>
              </value>
            </param>
          </params>
          <reporter-output>
          </reporter-output>
        </test-method> <!-- initialiseBrowser -->
        <test-method signature="verifyUserIsAbleToSearchTheNewUser()[pri:0, instance:testScripts.AdminUsersTest@229f66ed]" started-at="2025-09-24T23:26:54 IST" name="verifyUserIsAbleToSearchTheNewUser" description="User is searching the list with an existing user details" finished-at="2025-09-24T23:26:56 IST" duration-ms="2172" status="PASS">
          <reporter-output>
          </reporter-output>
        </test-method> <!-- verifyUserIsAbleToSearchTheNewUser -->
        <test-method is-config="true" signature="driverQuit(org.testng.ITestResult)[pri:0, instance:testScripts.AdminUsersTest@229f66ed]" started-at="2025-09-24T23:26:56 IST" name="driverQuit" finished-at="2025-09-24T23:26:56 IST" duration-ms="1" status="PASS">
          <params>
            <param index="0">
              <value>
                <![CDATA[[TestResult name=verifyUserIsAbleToSearchTheNewUser status=SUCCESS method=AdminUsersTest.verifyUserIsAbleToSearchTheNewUser()[pri:0, instance:testScripts.AdminUsersTest@229f66ed] output={null}]]]>
              </value>
            </param>
          </params>
          <reporter-output>
          </reporter-output>
        </test-method> <!-- driverQuit -->
      </class> <!-- testScripts.AdminUsersTest -->
    </test> <!-- Test -->
  </suite> <!-- Grouping -->
</testng-results>
